------------------------------------------------------------------------------------------------------------------------

[2020-10-16 18:26:18 #1 store] 
Database 'C:\Users\Marcos\Desktop\Marcos\Uni\Is2\Proyecto\BetsIt0\resources\bets.temp' has been recovered (tr. 1-53)

[2020-10-16 18:26:19 #2 store] 
Database 'C:\Users\Marcos\Desktop\Marcos\Uni\Is2\Proyecto\BetsIt0\resources\bets.temp' is opened by 9212@LAPTOP-6EQNGL55

[2020-10-16 18:26:19 #3 type] 
Type domain.Event is not enhanced.

[2020-10-16 18:26:19 #4 type] 
Type domain.Question is not enhanced.

[2020-10-16 18:26:19 #5 type] 
Type domain.Pronostico is not enhanced.

[2020-10-16 18:26:19 #6 type] 
Type domain.User is not enhanced.

[2020-10-16 18:26:19 #7 type] 
Type domain.Apuesta is not enhanced.

[2020-10-16 18:26:19 #8 type] 
Type domain.ApuestaCombinada is not enhanced.

------------------------------------------------------------------------------------------------------------------------

[2020-10-16 18:28:06 #1 store] 
Database 'C:\Users\Marcos\Desktop\Marcos\Uni\Is2\Proyecto\BetsIt0\resources\bets.temp' has been recovered (tr. 54-80)

[2020-10-16 18:28:06 #2 store] 
Database 'C:\Users\Marcos\Desktop\Marcos\Uni\Is2\Proyecto\BetsIt0\resources\bets.temp' is opened by 9228@LAPTOP-6EQNGL55

[2020-10-16 18:28:06 #3 type] 
Type domain.Event is not enhanced.

[2020-10-16 18:28:06 #4 type] 
Type domain.Question is not enhanced.

[2020-10-16 18:28:06 #5 type] 
Type domain.Pronostico is not enhanced.

[2020-10-16 18:28:06 #6 type] 
Type domain.User is not enhanced.

[2020-10-16 18:28:06 #7 type] 
Type domain.Apuesta is not enhanced.

[2020-10-16 18:28:06 #8 type] 
Type domain.ApuestaCombinada is not enhanced.

------------------------------------------------------------------------------------------------------------------------

[2020-10-16 18:30:35 #1 store] 
Database 'C:\Users\Marcos\Desktop\Marcos\Uni\Is2\Proyecto\BetsIt0\resources\bets.temp' has been recovered (tr. 81-107)

[2020-10-16 18:30:36 #2 store] 
Database 'C:\Users\Marcos\Desktop\Marcos\Uni\Is2\Proyecto\BetsIt0\resources\bets.temp' is opened by 6860@LAPTOP-6EQNGL55

[2020-10-16 18:30:36 #3 type] 
Type domain.Event is not enhanced.

[2020-10-16 18:30:36 #4 type] 
Type domain.Question is not enhanced.

[2020-10-16 18:30:36 #5 type] 
Type domain.Pronostico is not enhanced.

[2020-10-16 18:30:36 #6 type] 
Type domain.User is not enhanced.

[2020-10-16 18:30:36 #7 type] 
Type domain.Apuesta is not enhanced.

[2020-10-16 18:30:36 #8 type] 
Type domain.ApuestaCombinada is not enhanced.

